Started GET "/" for 127.0.0.1 at 2017-08-08 17:42:16 +0800
  
ActiveRecord::AdapterNotSpecified ('development' database is not configured. Available: []):
  
activerecord (5.0.2) lib/active_record/connection_adapters/connection_specification.rb:236:in `resolve_symbol_connection'
activerecord (5.0.2) lib/active_record/connection_adapters/connection_specification.rb:217:in `resolve_connection'
activerecord (5.0.2) lib/active_record/connection_adapters/connection_specification.rb:138:in `resolve'
activerecord (5.0.2) lib/active_record/connection_adapters/connection_specification.rb:168:in `spec'
activerecord (5.0.2) lib/active_record/connection_handling.rb:53:in `establish_connection'
activerecord (5.0.2) lib/active_record/railtie.rb:125:in `block (2 levels) in <class:Railtie>'
activesupport (5.0.2) lib/active_support/lazy_load_hooks.rb:43:in `instance_eval'
activesupport (5.0.2) lib/active_support/lazy_load_hooks.rb:43:in `execute_hook'
activesupport (5.0.2) lib/active_support/lazy_load_hooks.rb:50:in `block in run_load_hooks'
activesupport (5.0.2) lib/active_support/lazy_load_hooks.rb:49:in `each'
activesupport (5.0.2) lib/active_support/lazy_load_hooks.rb:49:in `run_load_hooks'
activerecord (5.0.2) lib/active_record/base.rb:324:in `<module:ActiveRecord>'
activerecord (5.0.2) lib/active_record/base.rb:24:in `<top (required)>'
activesupport (5.0.2) lib/active_support/dependencies.rb:293:in `require'
activesupport (5.0.2) lib/active_support/dependencies.rb:293:in `block in require'
activesupport (5.0.2) lib/active_support/dependencies.rb:259:in `load_dependency'
activesupport (5.0.2) lib/active_support/dependencies.rb:293:in `require'
activerecord (5.0.2) lib/active_record/migration.rb:559:in `connection'
activerecord (5.0.2) lib/active_record/migration.rb:546:in `call'
actionpack (5.0.2) lib/action_dispatch/middleware/callbacks.rb:38:in `block in call'
activesupport (5.0.2) lib/active_support/callbacks.rb:97:in `__run_callbacks__'
activesupport (5.0.2) lib/active_support/callbacks.rb:750:in `_run_call_callbacks'
activesupport (5.0.2) lib/active_support/callbacks.rb:90:in `run_callbacks'
actionpack (5.0.2) lib/action_dispatch/middleware/callbacks.rb:36:in `call'
actionpack (5.0.2) lib/action_dispatch/middleware/executor.rb:12:in `call'
actionpack (5.0.2) lib/action_dispatch/middleware/remote_ip.rb:79:in `call'
actionpack (5.0.2) lib/action_dispatch/middleware/debug_exceptions.rb:49:in `call'
web-console (3.4.0) lib/web_console/middleware.rb:135:in `call_app'
web-console (3.4.0) lib/web_console/middleware.rb:28:in `block in call'
web-console (3.4.0) lib/web_console/middleware.rb:18:in `catch'
web-console (3.4.0) lib/web_console/middleware.rb:18:in `call'
actionpack (5.0.2) lib/action_dispatch/middleware/show_exceptions.rb:31:in `call'
railties (5.0.2) lib/rails/rack/logger.rb:36:in `call_app'
railties (5.0.2) lib/rails/rack/logger.rb:24:in `block in call'
activesupport (5.0.2) lib/active_support/tagged_logging.rb:69:in `block in tagged'
activesupport (5.0.2) lib/active_support/tagged_logging.rb:26:in `tagged'
activesupport (5.0.2) lib/active_support/tagged_logging.rb:69:in `tagged'
railties (5.0.2) lib/rails/rack/logger.rb:24:in `call'
sprockets-rails (3.2.0) lib/sprockets/rails/quiet_assets.rb:13:in `call'
actionpack (5.0.2) lib/action_dispatch/middleware/request_id.rb:24:in `call'
rack (2.0.1) lib/rack/method_override.rb:22:in `call'
rack (2.0.1) lib/rack/runtime.rb:22:in `call'
activesupport (5.0.2) lib/active_support/cache/strategy/local_cache_middleware.rb:28:in `call'
actionpack (5.0.2) lib/action_dispatch/middleware/executor.rb:12:in `call'
actionpack (5.0.2) lib/action_dispatch/middleware/static.rb:136:in `call'
rack (2.0.1) lib/rack/sendfile.rb:111:in `call'
railties (5.0.2) lib/rails/engine.rb:522:in `call'
puma (3.8.2) lib/puma/configuration.rb:224:in `call'
puma (3.8.2) lib/puma/server.rb:600:in `handle_request'
puma (3.8.2) lib/puma/server.rb:435:in `process_client'
puma (3.8.2) lib/puma/server.rb:299:in `block in run'
puma (3.8.2) lib/puma/thread_pool.rb:120:in `block in spawn_thread'
  Rendering /home/hwchan91/.rvm/gems/ruby-2.3.3/gems/actionpack-5.0.2/lib/action_dispatch/middleware/templates/rescues/diagnostics.html.erb within rescues/layout
  Rendering /home/hwchan91/.rvm/gems/ruby-2.3.3/gems/actionpack-5.0.2/lib/action_dispatch/middleware/templates/rescues/_source.html.erb
  Rendered /home/hwchan91/.rvm/gems/ruby-2.3.3/gems/actionpack-5.0.2/lib/action_dispatch/middleware/templates/rescues/_source.html.erb (1.6ms)
  Rendering /home/hwchan91/.rvm/gems/ruby-2.3.3/gems/actionpack-5.0.2/lib/action_dispatch/middleware/templates/rescues/_trace.html.erb
  Rendered /home/hwchan91/.rvm/gems/ruby-2.3.3/gems/actionpack-5.0.2/lib/action_dispatch/middleware/templates/rescues/_trace.html.erb (0.9ms)
  Rendering /home/hwchan91/.rvm/gems/ruby-2.3.3/gems/actionpack-5.0.2/lib/action_dispatch/middleware/templates/rescues/_request_and_response.html.erb
  Rendered /home/hwchan91/.rvm/gems/ruby-2.3.3/gems/actionpack-5.0.2/lib/action_dispatch/middleware/templates/rescues/_request_and_response.html.erb (0.5ms)
  Rendered /home/hwchan91/.rvm/gems/ruby-2.3.3/gems/actionpack-5.0.2/lib/action_dispatch/middleware/templates/rescues/diagnostics.html.erb within rescues/layout (16.9ms)
  [1m[36mActiveRecord::SchemaMigration Load (0.3ms)[0m  [1m[34mSELECT "schema_migrations".* FROM "schema_migrations"[0m
  [1m[35m (0.3ms)[0m  [1m[34mSELECT "ar_internal_metadata"."value" FROM "ar_internal_metadata" WHERE "ar_internal_metadata"."key" = $1[0m  [["key", :environment]]
  [1m[36mActiveRecord::SchemaMigration Load (0.2ms)[0m  [1m[34mSELECT "schema_migrations".* FROM "schema_migrations"[0m
  [1m[35m (0.2ms)[0m  [1m[34mSELECT "ar_internal_metadata"."value" FROM "ar_internal_metadata" WHERE "ar_internal_metadata"."key" = $1[0m  [["key", :environment]]
  [1m[36mActiveRecord::SchemaMigration Load (0.2ms)[0m  [1m[34mSELECT "schema_migrations".* FROM "schema_migrations"[0m
  [1m[35m (0.2ms)[0m  [1m[34mSELECT "ar_internal_metadata"."value" FROM "ar_internal_metadata" WHERE "ar_internal_metadata"."key" = $1[0m  [["key", :environment]]
  [1m[35m (220.3ms)[0m  [1m[35mDROP DATABASE IF EXISTS "database_development"[0m
  [1m[35m (0.1ms)[0m  [1m[35mDROP DATABASE IF EXISTS "database_development"[0m
  [1m[35m (571.7ms)[0m  [1m[35mCREATE DATABASE "database_development" ENCODING = 'utf8'[0m
  [1m[35m (0.4ms)[0m  [1m[35mCREATE DATABASE "database_development" ENCODING = 'utf8'[0m
  [1m[35m (109.7ms)[0m  [1m[35mCREATE TABLE "articles" ("id" serial primary key, "title" character varying, "body" text, "created_at" timestamp NOT NULL, "updated_at" timestamp NOT NULL, "image_file_name" character varying, "image_content_type" character varying, "image_file_size" integer, "image_updated_at" timestamp)[0m
  [1m[35m (81.3ms)[0m  [1m[35mCREATE TABLE "comments" ("id" serial primary key, "author_name" character varying, "string" character varying, "body" character varying, "text" character varying, "article_id" integer, "created_at" timestamp NOT NULL, "updated_at" timestamp NOT NULL)[0m
  [1m[35m (73.3ms)[0m  [1m[35mCREATE  INDEX  "index_comments_on_article_id" ON "comments"  ("article_id")[0m
  [1m[35m (49.3ms)[0m  [1m[35mCREATE TABLE "taggings" ("id" serial primary key, "tag_id" integer, "article_id" integer, "created_at" timestamp NOT NULL, "updated_at" timestamp NOT NULL)[0m
  [1m[35m (40.1ms)[0m  [1m[35mCREATE  INDEX  "index_taggings_on_article_id" ON "taggings"  ("article_id")[0m
  [1m[35m (47.5ms)[0m  [1m[35mCREATE  INDEX  "index_taggings_on_tag_id" ON "taggings"  ("tag_id")[0m
  [1m[35m (99.2ms)[0m  [1m[35mCREATE TABLE "tags" ("id" serial primary key, "name" character varying, "created_at" timestamp NOT NULL, "updated_at" timestamp NOT NULL)[0m
  [1m[35m (82.3ms)[0m  [1m[35mCREATE TABLE "schema_migrations" ("version" character varying PRIMARY KEY)[0m
  [1m[35m (0.4ms)[0m  [1m[34mSELECT version FROM "schema_migrations"[0m
  [1m[35m (7.5ms)[0m  [1m[32mINSERT INTO "schema_migrations" (version) VALUES (20170329091541)[0m
  [1m[35m (8.1ms)[0m  [1m[32mINSERT INTO "schema_migrations" (version) VALUES
(20170329074704),
(20170328091811),
(20170329074827),
(20170329070326);

[0m
  [1m[35m (90.6ms)[0m  [1m[35mCREATE TABLE "ar_internal_metadata" ("key" character varying PRIMARY KEY, "value" character varying, "created_at" timestamp NOT NULL, "updated_at" timestamp NOT NULL)[0m
  [1m[36mActiveRecord::InternalMetadata Load (0.3ms)[0m  [1m[34mSELECT  "ar_internal_metadata".* FROM "ar_internal_metadata" WHERE "ar_internal_metadata"."key" = $1 LIMIT $2[0m  [["key", :environment], ["LIMIT", 1]]
  [1m[35m (0.1ms)[0m  [1m[35mBEGIN[0m
  [1m[35mSQL (0.2ms)[0m  [1m[32mINSERT INTO "ar_internal_metadata" ("key", "value", "created_at", "updated_at") VALUES ($1, $2, $3, $4) RETURNING "key"[0m  [["key", "environment"], ["value", "development"], ["created_at", 2017-08-08 09:43:24 UTC], ["updated_at", 2017-08-08 09:43:24 UTC]]
  [1m[35m (9.8ms)[0m  [1m[35mCOMMIT[0m
  [1m[36mActiveRecord::InternalMetadata Load (0.2ms)[0m  [1m[34mSELECT  "ar_internal_metadata".* FROM "ar_internal_metadata" WHERE "ar_internal_metadata"."key" = $1 LIMIT $2[0m  [["key", :environment], ["LIMIT", 1]]
  [1m[35m (0.1ms)[0m  [1m[35mBEGIN[0m
  [1m[35m (0.1ms)[0m  [1m[35mCOMMIT[0m
  [1m[35m (7.3ms)[0m  [1m[35mDROP TABLE "articles" CASCADE[0m
  [1m[35m (74.1ms)[0m  [1m[35mCREATE TABLE "articles" ("id" serial primary key, "title" character varying, "body" text, "created_at" timestamp NOT NULL, "updated_at" timestamp NOT NULL, "image_file_name" character varying, "image_content_type" character varying, "image_file_size" integer, "image_updated_at" timestamp)[0m
  [1m[35m (7.5ms)[0m  [1m[35mDROP TABLE "comments" CASCADE[0m
  [1m[35m (66.3ms)[0m  [1m[35mCREATE TABLE "comments" ("id" serial primary key, "author_name" character varying, "string" character varying, "body" character varying, "text" character varying, "article_id" integer, "created_at" timestamp NOT NULL, "updated_at" timestamp NOT NULL)[0m
  [1m[35m (359.7ms)[0m  [1m[35mCREATE  INDEX  "index_comments_on_article_id" ON "comments"  ("article_id")[0m
  [1m[35m (7.7ms)[0m  [1m[35mDROP TABLE "taggings" CASCADE[0m
  [1m[35m (41.6ms)[0m  [1m[35mCREATE TABLE "taggings" ("id" serial primary key, "tag_id" integer, "article_id" integer, "created_at" timestamp NOT NULL, "updated_at" timestamp NOT NULL)[0m
  [1m[35m (39.3ms)[0m  [1m[35mCREATE  INDEX  "index_taggings_on_article_id" ON "taggings"  ("article_id")[0m
  [1m[35m (39.3ms)[0m  [1m[35mCREATE  INDEX  "index_taggings_on_tag_id" ON "taggings"  ("tag_id")[0m
  [1m[35m (7.4ms)[0m  [1m[35mDROP TABLE "tags" CASCADE[0m
  [1m[35m (66.2ms)[0m  [1m[35mCREATE TABLE "tags" ("id" serial primary key, "name" character varying, "created_at" timestamp NOT NULL, "updated_at" timestamp NOT NULL)[0m
  [1m[35m (0.3ms)[0m  [1m[34mSELECT version FROM "schema_migrations"[0m
  [1m[36mActiveRecord::InternalMetadata Load (0.3ms)[0m  [1m[34mSELECT  "ar_internal_metadata".* FROM "ar_internal_metadata" WHERE "ar_internal_metadata"."key" = $1 LIMIT $2[0m  [["key", :environment], ["LIMIT", 1]]
  [1m[35m (0.1ms)[0m  [1m[35mBEGIN[0m
  [1m[35m (0.1ms)[0m  [1m[35mCOMMIT[0m
  [1m[36mActiveRecord::InternalMetadata Load (0.1ms)[0m  [1m[34mSELECT  "ar_internal_metadata".* FROM "ar_internal_metadata" WHERE "ar_internal_metadata"."key" = $1 LIMIT $2[0m  [["key", :environment], ["LIMIT", 1]]
  [1m[35m (0.1ms)[0m  [1m[35mBEGIN[0m
  [1m[35m (0.1ms)[0m  [1m[35mCOMMIT[0m
  [1m[36mActiveRecord::SchemaMigration Load (0.3ms)[0m  [1m[34mSELECT "schema_migrations".* FROM "schema_migrations"[0m
Started GET "/" for 127.0.0.1 at 2017-08-08 17:43:28 +0800
  [1m[36mActiveRecord::SchemaMigration Load (0.3ms)[0m  [1m[34mSELECT "schema_migrations".* FROM "schema_migrations"[0m
Processing by ArticlesController#index as HTML
  Rendering articles/index.html.erb within layouts/application
  [1m[36mArticle Load (0.5ms)[0m  [1m[34mSELECT "articles".* FROM "articles"[0m
  Rendered articles/index.html.erb within layouts/application (8.7ms)
Completed 200 OK in 881ms (Views: 863.8ms | ActiveRecord: 2.1ms)


Started GET "/articles/new" for 127.0.0.1 at 2017-08-08 17:43:38 +0800
Processing by ArticlesController#new as HTML
  Rendering articles/new.html.erb within layouts/application
  Rendered articles/_form.html.erb (29.6ms)
  Rendered articles/new.html.erb within layouts/application (30.4ms)
Completed 200 OK in 52ms (Views: 44.1ms | ActiveRecord: 2.6ms)


Started GET "/articles/new" for 127.0.0.1 at 2017-08-08 17:46:47 +0800
Processing by ArticlesController#new as HTML
  Rendering articles/new.html.erb within layouts/application
  Rendered articles/_form.html.erb (3.1ms)
  Rendered articles/new.html.erb within layouts/application (4.0ms)
Completed 200 OK in 21ms (Views: 19.7ms | ActiveRecord: 0.0ms)


Started POST "/articles" for 127.0.0.1 at 2017-08-08 17:47:15 +0800
Processing by ArticlesController#create as HTML
  Parameters: {"utf8"=>"✓", "authenticity_token"=>"gsm+Aipg8HnkwMkrrXZdJj4KEfCwTxCDoVaIHZDRM80jS282f7sJaR03UZHKN8cHwQAZdR8NX/rLRh7fpyMvdQ==", "article"=>{"title"=>"First post", "body"=>"Hello world", "tag_list"=>"", "image"=>#<ActionDispatch::Http::UploadedFile:0x00000001e45df8 @tempfile=#<Tempfile:/tmp/RackMultipart20170808-30285-5psyde.png>, @original_filename="linkedin.png", @content_type="image/png", @headers="Content-Disposition: form-data; name=\"article[image]\"; filename=\"linkedin.png\"\r\nContent-Type: image/png\r\n">}, "commit"=>"Create Article"}
Command :: file -b --mime '/tmp/f1576406b382b7d1c8c2607f7c563d4f20170808-30285-15wyx12.png'
  [1m[35m (0.2ms)[0m  [1m[35mBEGIN[0m
Command :: file -b --mime '/tmp/f1576406b382b7d1c8c2607f7c563d4f20170808-30285-v7py1z.png'
  [1m[35mSQL (0.4ms)[0m  [1m[32mINSERT INTO "articles" ("title", "body", "created_at", "updated_at", "image_file_name", "image_content_type", "image_file_size", "image_updated_at") VALUES ($1, $2, $3, $4, $5, $6, $7, $8) RETURNING "id"[0m  [["title", "First post"], ["body", "Hello world"], ["created_at", 2017-08-08 09:47:15 UTC], ["updated_at", 2017-08-08 09:47:15 UTC], ["image_file_name", "linkedin.png"], ["image_content_type", "image/png"], ["image_file_size", 10542], ["image_updated_at", 2017-08-08 09:47:15 UTC]]
  [1m[35m (25.7ms)[0m  [1m[35mCOMMIT[0m
Redirected to http://localhost:3000/articles/1
Completed 302 Found in 123ms (ActiveRecord: 26.3ms)


Started GET "/articles/1" for 127.0.0.1 at 2017-08-08 17:47:15 +0800
Processing by ArticlesController#show as HTML
  Parameters: {"id"=>"1"}
  [1m[36mArticle Load (0.2ms)[0m  [1m[34mSELECT  "articles".* FROM "articles" WHERE "articles"."id" = $1 LIMIT $2[0m  [["id", 1], ["LIMIT", 1]]
  Rendering articles/show.html.erb within layouts/application
  [1m[36mTag Load (0.4ms)[0m  [1m[34mSELECT "tags".* FROM "tags" INNER JOIN "taggings" ON "tags"."id" = "taggings"."tag_id" WHERE "taggings"."article_id" = $1[0m  [["article_id", 1]]
  [1m[35m (0.5ms)[0m  [1m[34mSELECT COUNT(*) FROM "comments" WHERE "comments"."article_id" = $1[0m  [["article_id", 1]]
  Rendered collection of articles/_comment.html.erb [0 times] (0.0ms)
  Rendered comments/_form.html.erb (2.1ms)
  Rendered articles/show.html.erb within layouts/application (18.9ms)
Completed 200 OK in 51ms (Views: 33.4ms | ActiveRecord: 4.7ms)


Started GET "/articles/1/edit" for 127.0.0.1 at 2017-08-08 17:47:19 +0800
Processing by ArticlesController#edit as HTML
  Parameters: {"id"=>"1"}
  [1m[36mArticle Load (0.3ms)[0m  [1m[34mSELECT  "articles".* FROM "articles" WHERE "articles"."id" = $1 LIMIT $2[0m  [["id", 1], ["LIMIT", 1]]
  Rendering articles/edit.html.erb within layouts/application
  [1m[36mTag Load (0.3ms)[0m  [1m[34mSELECT "tags".* FROM "tags" INNER JOIN "taggings" ON "tags"."id" = "taggings"."tag_id" WHERE "taggings"."article_id" = $1[0m  [["article_id", 1]]
  Rendered articles/_form.html.erb (6.5ms)
  Rendered articles/edit.html.erb within layouts/application (7.6ms)
Completed 200 OK in 34ms (Views: 31.8ms | ActiveRecord: 0.6ms)


Started PATCH "/articles/1" for 127.0.0.1 at 2017-08-08 17:47:23 +0800
Processing by ArticlesController#update as HTML
  Parameters: {"utf8"=>"✓", "authenticity_token"=>"f6cXsTQk//ioS95wR8EuHMem3JnGpoJXGUA+1JoaV3YKTnz2pV4eJpM7R58f5hAN0/m/zMdAzr42rtb0u6eBMQ==", "article"=>{"title"=>"First post", "body"=>"Hello world", "tag_list"=>""}, "commit"=>"Update Article", "id"=>"1"}
  [1m[36mArticle Load (0.3ms)[0m  [1m[34mSELECT  "articles".* FROM "articles" WHERE "articles"."id" = $1 LIMIT $2[0m  [["id", 1], ["LIMIT", 1]]
  [1m[35m (0.1ms)[0m  [1m[35mBEGIN[0m
  [1m[36mTag Load (0.3ms)[0m  [1m[34mSELECT "tags".* FROM "tags" INNER JOIN "taggings" ON "tags"."id" = "taggings"."tag_id" WHERE "taggings"."article_id" = $1[0m  [["article_id", 1]]
  [1m[35m (0.1ms)[0m  [1m[35mCOMMIT[0m
Redirected to http://localhost:3000/articles/1
Completed 302 Found in 5ms (ActiveRecord: 0.7ms)


Started GET "/articles/1" for 127.0.0.1 at 2017-08-08 17:47:23 +0800
Processing by ArticlesController#show as HTML
  Parameters: {"id"=>"1"}
  [1m[36mArticle Load (0.3ms)[0m  [1m[34mSELECT  "articles".* FROM "articles" WHERE "articles"."id" = $1 LIMIT $2[0m  [["id", 1], ["LIMIT", 1]]
  Rendering articles/show.html.erb within layouts/application
  [1m[36mTag Load (0.3ms)[0m  [1m[34mSELECT "tags".* FROM "tags" INNER JOIN "taggings" ON "tags"."id" = "taggings"."tag_id" WHERE "taggings"."article_id" = $1[0m  [["article_id", 1]]
  [1m[35m (0.3ms)[0m  [1m[34mSELECT COUNT(*) FROM "comments" WHERE "comments"."article_id" = $1[0m  [["article_id", 1]]
  Rendered collection of articles/_comment.html.erb [0 times] (0.0ms)
  Rendered comments/_form.html.erb (2.6ms)
  Rendered articles/show.html.erb within layouts/application (10.7ms)
Completed 200 OK in 43ms (Views: 39.8ms | ActiveRecord: 0.9ms)


Started POST "/articles/1/comments" for 127.0.0.1 at 2017-08-08 17:47:32 +0800
Processing by CommentsController#create as HTML
  Parameters: {"utf8"=>"✓", "authenticity_token"=>"O4rbIjP74r+NvewPDQeGjQ+MTKekzzpcpAefz03veDmaCAoWZiAbr3RKdLVqRhys8IZEIguNdSXOFwkNeh1kgQ==", "comment"=>{"author_name"=>"test", "body"=>"yAY"}, "commit"=>"Submit", "article_id"=>"1"}
  [1m[35m (0.1ms)[0m  [1m[35mBEGIN[0m
  [1m[36mArticle Load (0.2ms)[0m  [1m[34mSELECT  "articles".* FROM "articles" WHERE "articles"."id" = $1 LIMIT $2[0m  [["id", 1], ["LIMIT", 1]]
  [1m[35mSQL (0.5ms)[0m  [1m[32mINSERT INTO "comments" ("author_name", "body", "article_id", "created_at", "updated_at") VALUES ($1, $2, $3, $4, $5) RETURNING "id"[0m  [["author_name", "test"], ["body", "yAY"], ["article_id", 1], ["created_at", 2017-08-08 09:47:32 UTC], ["updated_at", 2017-08-08 09:47:32 UTC]]
  [1m[35m (116.5ms)[0m  [1m[35mCOMMIT[0m
Redirected to http://localhost:3000/articles/1
Completed 302 Found in 127ms (ActiveRecord: 117.2ms)


Started GET "/articles/1" for 127.0.0.1 at 2017-08-08 17:47:32 +0800
Processing by ArticlesController#show as HTML
  Parameters: {"id"=>"1"}
  [1m[36mArticle Load (0.2ms)[0m  [1m[34mSELECT  "articles".* FROM "articles" WHERE "articles"."id" = $1 LIMIT $2[0m  [["id", 1], ["LIMIT", 1]]
  Rendering articles/show.html.erb within layouts/application
  [1m[36mTag Load (0.3ms)[0m  [1m[34mSELECT "tags".* FROM "tags" INNER JOIN "taggings" ON "tags"."id" = "taggings"."tag_id" WHERE "taggings"."article_id" = $1[0m  [["article_id", 1]]
  [1m[35m (0.3ms)[0m  [1m[34mSELECT COUNT(*) FROM "comments" WHERE "comments"."article_id" = $1[0m  [["article_id", 1]]
  [1m[36mComment Load (0.1ms)[0m  [1m[34mSELECT "comments".* FROM "comments" WHERE "comments"."article_id" = $1[0m  [["article_id", 1]]
  Rendered collection of articles/_comment.html.erb [1 times] (0.9ms)
  Rendered comments/_form.html.erb (2.7ms)
  Rendered articles/show.html.erb within layouts/application (12.9ms)
Completed 200 OK in 43ms (Views: 40.1ms | ActiveRecord: 0.8ms)


Started GET "/articles" for 127.0.0.1 at 2017-08-08 17:47:39 +0800
Processing by ArticlesController#index as HTML
  Rendering articles/index.html.erb within layouts/application
  [1m[36mArticle Load (0.2ms)[0m  [1m[34mSELECT "articles".* FROM "articles"[0m
  Rendered articles/index.html.erb within layouts/application (1.5ms)
Completed 200 OK in 25ms (Views: 24.4ms | ActiveRecord: 0.2ms)


  [1m[36mActiveRecord::SchemaMigration Load (0.4ms)[0m  [1m[34mSELECT "schema_migrations".* FROM "schema_migrations"[0m
  [1m[35m (0.3ms)[0m  [1m[34mSELECT "ar_internal_metadata"."value" FROM "ar_internal_metadata" WHERE "ar_internal_metadata"."key" = $1[0m  [["key", :environment]]
  [1m[36mActiveRecord::SchemaMigration Load (0.2ms)[0m  [1m[34mSELECT "schema_migrations".* FROM "schema_migrations"[0m
  [1m[35m (0.2ms)[0m  [1m[34mSELECT "ar_internal_metadata"."value" FROM "ar_internal_metadata" WHERE "ar_internal_metadata"."key" = $1[0m  [["key", :environment]]
  [1m[36mActiveRecord::SchemaMigration Load (0.2ms)[0m  [1m[34mSELECT "schema_migrations".* FROM "schema_migrations"[0m
  [1m[35m (0.2ms)[0m  [1m[34mSELECT "ar_internal_metadata"."value" FROM "ar_internal_metadata" WHERE "ar_internal_metadata"."key" = $1[0m  [["key", :environment]]
  [1m[35m (221.4ms)[0m  [1m[35mDROP DATABASE IF EXISTS "database_development"[0m
  [1m[35m (0.1ms)[0m  [1m[35mDROP DATABASE IF EXISTS "database_development"[0m
  [1m[35m (550.8ms)[0m  [1m[35mCREATE DATABASE "database_development" ENCODING = 'utf8'[0m
  [1m[35m (0.3ms)[0m  [1m[35mCREATE DATABASE "database_development" ENCODING = 'utf8'[0m
  [1m[35m (129.7ms)[0m  [1m[35mCREATE TABLE "articles" ("id" serial primary key, "title" character varying, "body" text, "created_at" timestamp NOT NULL, "updated_at" timestamp NOT NULL, "image_file_name" character varying, "image_content_type" character varying, "image_file_size" integer, "image_updated_at" timestamp)[0m
  [1m[35m (81.8ms)[0m  [1m[35mCREATE TABLE "comments" ("id" serial primary key, "author_name" character varying, "string" character varying, "body" character varying, "text" character varying, "article_id" integer, "created_at" timestamp NOT NULL, "updated_at" timestamp NOT NULL)[0m
  [1m[35m (38.8ms)[0m  [1m[35mCREATE  INDEX  "index_comments_on_article_id" ON "comments"  ("article_id")[0m
  [1m[35m (42.2ms)[0m  [1m[35mCREATE TABLE "taggings" ("id" serial primary key, "tag_id" integer, "article_id" integer, "created_at" timestamp NOT NULL, "updated_at" timestamp NOT NULL)[0m
  [1m[35m (47.8ms)[0m  [1m[35mCREATE  INDEX  "index_taggings_on_article_id" ON "taggings"  ("article_id")[0m
  [1m[35m (40.0ms)[0m  [1m[35mCREATE  INDEX  "index_taggings_on_tag_id" ON "taggings"  ("tag_id")[0m
  [1m[35m (82.5ms)[0m  [1m[35mCREATE TABLE "tags" ("id" serial primary key, "name" character varying, "created_at" timestamp NOT NULL, "updated_at" timestamp NOT NULL)[0m
  [1m[35m (82.3ms)[0m  [1m[35mCREATE TABLE "schema_migrations" ("version" character varying PRIMARY KEY)[0m
  [1m[35m (0.3ms)[0m  [1m[34mSELECT version FROM "schema_migrations"[0m
  [1m[35m (7.6ms)[0m  [1m[32mINSERT INTO "schema_migrations" (version) VALUES (20170329091541)[0m
  [1m[35m (8.1ms)[0m  [1m[32mINSERT INTO "schema_migrations" (version) VALUES
(20170329074704),
(20170328091811),
(20170329074827),
(20170329070326);

[0m
  [1m[35m (73.8ms)[0m  [1m[35mCREATE TABLE "ar_internal_metadata" ("key" character varying PRIMARY KEY, "value" character varying, "created_at" timestamp NOT NULL, "updated_at" timestamp NOT NULL)[0m
  [1m[36mActiveRecord::InternalMetadata Load (0.3ms)[0m  [1m[34mSELECT  "ar_internal_metadata".* FROM "ar_internal_metadata" WHERE "ar_internal_metadata"."key" = $1 LIMIT $2[0m  [["key", :environment], ["LIMIT", 1]]
  [1m[35m (0.1ms)[0m  [1m[35mBEGIN[0m
  [1m[35mSQL (0.4ms)[0m  [1m[32mINSERT INTO "ar_internal_metadata" ("key", "value", "created_at", "updated_at") VALUES ($1, $2, $3, $4) RETURNING "key"[0m  [["key", "environment"], ["value", "development"], ["created_at", 2017-08-08 09:54:44 UTC], ["updated_at", 2017-08-08 09:54:44 UTC]]
  [1m[35m (9.8ms)[0m  [1m[35mCOMMIT[0m
  [1m[36mActiveRecord::InternalMetadata Load (0.1ms)[0m  [1m[34mSELECT  "ar_internal_metadata".* FROM "ar_internal_metadata" WHERE "ar_internal_metadata"."key" = $1 LIMIT $2[0m  [["key", :environment], ["LIMIT", 1]]
  [1m[35m (0.0ms)[0m  [1m[35mBEGIN[0m
  [1m[35m (0.1ms)[0m  [1m[35mCOMMIT[0m
  [1m[35m (7.2ms)[0m  [1m[35mDROP TABLE "articles" CASCADE[0m
  [1m[35m (82.7ms)[0m  [1m[35mCREATE TABLE "articles" ("id" serial primary key, "title" character varying, "body" text, "created_at" timestamp NOT NULL, "updated_at" timestamp NOT NULL, "image_file_name" character varying, "image_content_type" character varying, "image_file_size" integer, "image_updated_at" timestamp)[0m
  [1m[35m (7.6ms)[0m  [1m[35mDROP TABLE "comments" CASCADE[0m
  [1m[35m (66.3ms)[0m  [1m[35mCREATE TABLE "comments" ("id" serial primary key, "author_name" character varying, "string" character varying, "body" character varying, "text" character varying, "article_id" integer, "created_at" timestamp NOT NULL, "updated_at" timestamp NOT NULL)[0m
  [1m[35m (47.9ms)[0m  [1m[35mCREATE  INDEX  "index_comments_on_article_id" ON "comments"  ("article_id")[0m
  [1m[35m (7.8ms)[0m  [1m[35mDROP TABLE "taggings" CASCADE[0m
  [1m[35m (41.5ms)[0m  [1m[35mCREATE TABLE "taggings" ("id" serial primary key, "tag_id" integer, "article_id" integer, "created_at" timestamp NOT NULL, "updated_at" timestamp NOT NULL)[0m
  [1m[35m (48.5ms)[0m  [1m[35mCREATE  INDEX  "index_taggings_on_article_id" ON "taggings"  ("article_id")[0m
  [1m[35m (48.9ms)[0m  [1m[35mCREATE  INDEX  "index_taggings_on_tag_id" ON "taggings"  ("tag_id")[0m
  [1m[35m (7.8ms)[0m  [1m[35mDROP TABLE "tags" CASCADE[0m
  [1m[35m (74.6ms)[0m  [1m[35mCREATE TABLE "tags" ("id" serial primary key, "name" character varying, "created_at" timestamp NOT NULL, "updated_at" timestamp NOT NULL)[0m
  [1m[35m (0.2ms)[0m  [1m[34mSELECT version FROM "schema_migrations"[0m
  [1m[36mActiveRecord::InternalMetadata Load (0.3ms)[0m  [1m[34mSELECT  "ar_internal_metadata".* FROM "ar_internal_metadata" WHERE "ar_internal_metadata"."key" = $1 LIMIT $2[0m  [["key", :environment], ["LIMIT", 1]]
  [1m[35m (0.1ms)[0m  [1m[35mBEGIN[0m
  [1m[35m (0.1ms)[0m  [1m[35mCOMMIT[0m
  [1m[36mActiveRecord::InternalMetadata Load (0.2ms)[0m  [1m[34mSELECT  "ar_internal_metadata".* FROM "ar_internal_metadata" WHERE "ar_internal_metadata"."key" = $1 LIMIT $2[0m  [["key", :environment], ["LIMIT", 1]]
  [1m[35m (0.1ms)[0m  [1m[35mBEGIN[0m
  [1m[35m (0.1ms)[0m  [1m[35mCOMMIT[0m
  [1m[36mActiveRecord::SchemaMigration Load (0.3ms)[0m  [1m[34mSELECT "schema_migrations".* FROM "schema_migrations"[0m
Started GET "/articles/1" for 127.0.0.1 at 2017-08-08 17:54:53 +0800
  [1m[36mActiveRecord::SchemaMigration Load (0.3ms)[0m  [1m[34mSELECT "schema_migrations".* FROM "schema_migrations"[0m
Processing by ArticlesController#show as HTML
  Parameters: {"id"=>"1"}
  [1m[36mArticle Load (0.3ms)[0m  [1m[34mSELECT  "articles".* FROM "articles" WHERE "articles"."id" = $1 LIMIT $2[0m  [["id", 1], ["LIMIT", 1]]
Completed 404 Not Found in 22ms (ActiveRecord: 3.4ms)


  
ActiveRecord::RecordNotFound (Couldn't find Article with 'id'=1):
  
app/controllers/articles_controller.rb:9:in `show'
  Rendering /home/hwchan91/.rvm/gems/ruby-2.3.3/gems/actionpack-5.0.2/lib/action_dispatch/middleware/templates/rescues/diagnostics.html.erb within rescues/layout
  Rendering /home/hwchan91/.rvm/gems/ruby-2.3.3/gems/actionpack-5.0.2/lib/action_dispatch/middleware/templates/rescues/_source.html.erb
  Rendered /home/hwchan91/.rvm/gems/ruby-2.3.3/gems/actionpack-5.0.2/lib/action_dispatch/middleware/templates/rescues/_source.html.erb (1.9ms)
  Rendering /home/hwchan91/.rvm/gems/ruby-2.3.3/gems/actionpack-5.0.2/lib/action_dispatch/middleware/templates/rescues/_trace.html.erb
  Rendered /home/hwchan91/.rvm/gems/ruby-2.3.3/gems/actionpack-5.0.2/lib/action_dispatch/middleware/templates/rescues/_trace.html.erb (1.0ms)
  Rendering /home/hwchan91/.rvm/gems/ruby-2.3.3/gems/actionpack-5.0.2/lib/action_dispatch/middleware/templates/rescues/_request_and_response.html.erb
  Rendered /home/hwchan91/.rvm/gems/ruby-2.3.3/gems/actionpack-5.0.2/lib/action_dispatch/middleware/templates/rescues/_request_and_response.html.erb (0.7ms)
  Rendered /home/hwchan91/.rvm/gems/ruby-2.3.3/gems/actionpack-5.0.2/lib/action_dispatch/middleware/templates/rescues/diagnostics.html.erb within rescues/layout (18.0ms)
Started GET "/articles/1" for 127.0.0.1 at 2017-08-08 17:54:55 +0800
Processing by ArticlesController#show as HTML
  Parameters: {"id"=>"1"}
  [1m[36mArticle Load (0.4ms)[0m  [1m[34mSELECT  "articles".* FROM "articles" WHERE "articles"."id" = $1 LIMIT $2[0m  [["id", 1], ["LIMIT", 1]]
Completed 404 Not Found in 2ms (ActiveRecord: 0.4ms)


  
ActiveRecord::RecordNotFound (Couldn't find Article with 'id'=1):
  
app/controllers/articles_controller.rb:9:in `show'
  Rendering /home/hwchan91/.rvm/gems/ruby-2.3.3/gems/actionpack-5.0.2/lib/action_dispatch/middleware/templates/rescues/diagnostics.html.erb within rescues/layout
  Rendering /home/hwchan91/.rvm/gems/ruby-2.3.3/gems/actionpack-5.0.2/lib/action_dispatch/middleware/templates/rescues/_source.html.erb
  Rendered /home/hwchan91/.rvm/gems/ruby-2.3.3/gems/actionpack-5.0.2/lib/action_dispatch/middleware/templates/rescues/_source.html.erb (1.9ms)
  Rendering /home/hwchan91/.rvm/gems/ruby-2.3.3/gems/actionpack-5.0.2/lib/action_dispatch/middleware/templates/rescues/_trace.html.erb
  Rendered /home/hwchan91/.rvm/gems/ruby-2.3.3/gems/actionpack-5.0.2/lib/action_dispatch/middleware/templates/rescues/_trace.html.erb (1.0ms)
  Rendering /home/hwchan91/.rvm/gems/ruby-2.3.3/gems/actionpack-5.0.2/lib/action_dispatch/middleware/templates/rescues/_request_and_response.html.erb
  Rendered /home/hwchan91/.rvm/gems/ruby-2.3.3/gems/actionpack-5.0.2/lib/action_dispatch/middleware/templates/rescues/_request_and_response.html.erb (0.7ms)
  Rendered /home/hwchan91/.rvm/gems/ruby-2.3.3/gems/actionpack-5.0.2/lib/action_dispatch/middleware/templates/rescues/diagnostics.html.erb within rescues/layout (15.0ms)
Started GET "/articles" for 127.0.0.1 at 2017-08-08 17:54:57 +0800
Processing by ArticlesController#index as HTML
  Rendering articles/index.html.erb within layouts/application
  [1m[36mArticle Load (0.2ms)[0m  [1m[34mSELECT "articles".* FROM "articles"[0m
  Rendered articles/index.html.erb within layouts/application (1.2ms)
Completed 200 OK in 135ms (Views: 133.9ms | ActiveRecord: 0.2ms)


Started GET "/articles/new" for 127.0.0.1 at 2017-08-08 17:54:59 +0800
Processing by ArticlesController#new as HTML
  Rendering articles/new.html.erb within layouts/application
  Rendered articles/_form.html.erb (29.7ms)
  Rendered articles/new.html.erb within layouts/application (30.4ms)
Completed 200 OK in 51ms (Views: 43.6ms | ActiveRecord: 1.9ms)


Started POST "/articles" for 127.0.0.1 at 2017-08-08 17:55:08 +0800
Processing by ArticlesController#create as HTML
  Parameters: {"utf8"=>"✓", "authenticity_token"=>"CyLYwHDckC7gfmsr3C8oIKYPI2y5Ggb6IVrn4rgwjf4Qi5ZtmaGWpUaNiuDKPzeyZYABSPS/cpbKkwYn/EcyyA==", "article"=>{"title"=>"first", "body"=>"hello", "tag_list"=>"first"}, "commit"=>"Create Article"}
  [1m[36mTag Load (0.4ms)[0m  [1m[34mSELECT  "tags".* FROM "tags" WHERE "tags"."name" = $1 LIMIT $2[0m  [["name", "first"], ["LIMIT", 1]]
  [1m[35m (0.1ms)[0m  [1m[35mBEGIN[0m
  [1m[35mSQL (0.3ms)[0m  [1m[32mINSERT INTO "tags" ("name", "created_at", "updated_at") VALUES ($1, $2, $3) RETURNING "id"[0m  [["name", "first"], ["created_at", 2017-08-08 09:55:08 UTC], ["updated_at", 2017-08-08 09:55:08 UTC]]
  [1m[35m (53.1ms)[0m  [1m[35mCOMMIT[0m
  [1m[35m (0.1ms)[0m  [1m[35mBEGIN[0m
  [1m[35mSQL (0.4ms)[0m  [1m[32mINSERT INTO "articles" ("title", "body", "created_at", "updated_at") VALUES ($1, $2, $3, $4) RETURNING "id"[0m  [["title", "first"], ["body", "hello"], ["created_at", 2017-08-08 09:55:08 UTC], ["updated_at", 2017-08-08 09:55:08 UTC]]
  [1m[35mSQL (0.4ms)[0m  [1m[32mINSERT INTO "taggings" ("tag_id", "article_id", "created_at", "updated_at") VALUES ($1, $2, $3, $4) RETURNING "id"[0m  [["tag_id", 1], ["article_id", 1], ["created_at", 2017-08-08 09:55:08 UTC], ["updated_at", 2017-08-08 09:55:08 UTC]]
  [1m[35m (19.9ms)[0m  [1m[35mCOMMIT[0m
Redirected to http://localhost:3000/articles/1
Completed 302 Found in 95ms (ActiveRecord: 77.8ms)


Started GET "/articles/1" for 127.0.0.1 at 2017-08-08 17:55:08 +0800
Processing by ArticlesController#show as HTML
  Parameters: {"id"=>"1"}
  [1m[36mArticle Load (0.2ms)[0m  [1m[34mSELECT  "articles".* FROM "articles" WHERE "articles"."id" = $1 LIMIT $2[0m  [["id", 1], ["LIMIT", 1]]
  Rendering articles/show.html.erb within layouts/application
  [1m[36mTag Load (0.2ms)[0m  [1m[34mSELECT "tags".* FROM "tags" INNER JOIN "taggings" ON "tags"."id" = "taggings"."tag_id" WHERE "taggings"."article_id" = $1[0m  [["article_id", 1]]
  [1m[35m (0.4ms)[0m  [1m[34mSELECT COUNT(*) FROM "comments" WHERE "comments"."article_id" = $1[0m  [["article_id", 1]]
  Rendered collection of articles/_comment.html.erb [0 times] (0.0ms)
  Rendered comments/_form.html.erb (2.5ms)
  Rendered articles/show.html.erb within layouts/application (12.8ms)
Completed 200 OK in 55ms (Views: 45.0ms | ActiveRecord: 2.7ms)


Started GET "/tags/1" for 127.0.0.1 at 2017-08-08 17:55:09 +0800
Processing by TagsController#show as HTML
  Parameters: {"id"=>"1"}
  [1m[36mTag Load (0.3ms)[0m  [1m[34mSELECT  "tags".* FROM "tags" WHERE "tags"."id" = $1 LIMIT $2[0m  [["id", 1], ["LIMIT", 1]]
  Rendering tags/show.html.erb within layouts/application
  [1m[36mArticle Load (0.4ms)[0m  [1m[34mSELECT "articles".* FROM "articles" INNER JOIN "taggings" ON "articles"."id" = "taggings"."article_id" WHERE "taggings"."tag_id" = $1[0m  [["tag_id", 1]]
  Rendered tags/show.html.erb within layouts/application (6.1ms)
Completed 200 OK in 33ms (Views: 30.1ms | ActiveRecord: 0.6ms)


Started POST "/articles" for 127.0.0.1 at 2017-08-08 17:55:19 +0800
Processing by ArticlesController#create as HTML
  Parameters: {"utf8"=>"✓", "authenticity_token"=>"CyLYwHDckC7gfmsr3C8oIKYPI2y5Ggb6IVrn4rgwjf4Qi5ZtmaGWpUaNiuDKPzeyZYABSPS/cpbKkwYn/EcyyA==", "article"=>{"title"=>"first", "body"=>"hello", "tag_list"=>"first"}, "commit"=>"Create Article"}
  [1m[36mTag Load (0.3ms)[0m  [1m[34mSELECT  "tags".* FROM "tags" WHERE "tags"."name" = $1 LIMIT $2[0m  [["name", "first"], ["LIMIT", 1]]
  [1m[35m (0.1ms)[0m  [1m[35mBEGIN[0m
  [1m[35mSQL (0.2ms)[0m  [1m[32mINSERT INTO "articles" ("title", "body", "created_at", "updated_at") VALUES ($1, $2, $3, $4) RETURNING "id"[0m  [["title", "first"], ["body", "hello"], ["created_at", 2017-08-08 09:55:19 UTC], ["updated_at", 2017-08-08 09:55:19 UTC]]
  [1m[35mSQL (0.2ms)[0m  [1m[32mINSERT INTO "taggings" ("tag_id", "article_id", "created_at", "updated_at") VALUES ($1, $2, $3, $4) RETURNING "id"[0m  [["tag_id", 1], ["article_id", 2], ["created_at", 2017-08-08 09:55:19 UTC], ["updated_at", 2017-08-08 09:55:19 UTC]]
  [1m[35m (66.6ms)[0m  [1m[35mCOMMIT[0m
Redirected to http://localhost:3000/articles/2
Completed 302 Found in 74ms (ActiveRecord: 67.4ms)


Started GET "/articles/2" for 127.0.0.1 at 2017-08-08 17:55:19 +0800
Processing by ArticlesController#show as HTML
  Parameters: {"id"=>"2"}
  [1m[36mArticle Load (0.3ms)[0m  [1m[34mSELECT  "articles".* FROM "articles" WHERE "articles"."id" = $1 LIMIT $2[0m  [["id", 2], ["LIMIT", 1]]
  Rendering articles/show.html.erb within layouts/application
  [1m[36mTag Load (0.4ms)[0m  [1m[34mSELECT "tags".* FROM "tags" INNER JOIN "taggings" ON "tags"."id" = "taggings"."tag_id" WHERE "taggings"."article_id" = $1[0m  [["article_id", 2]]
  [1m[35m (0.3ms)[0m  [1m[34mSELECT COUNT(*) FROM "comments" WHERE "comments"."article_id" = $1[0m  [["article_id", 2]]
  Rendered collection of articles/_comment.html.erb [0 times] (0.0ms)
  Rendered comments/_form.html.erb (0.9ms)
  Rendered articles/show.html.erb within layouts/application (7.3ms)
Completed 200 OK in 26ms (Views: 23.4ms | ActiveRecord: 1.0ms)


Started GET "/articles/" for 127.0.0.1 at 2017-08-08 17:55:23 +0800
Processing by ArticlesController#index as HTML
  Rendering articles/index.html.erb within layouts/application
  [1m[36mArticle Load (0.2ms)[0m  [1m[34mSELECT "articles".* FROM "articles"[0m
  Rendered articles/index.html.erb within layouts/application (1.4ms)
Completed 200 OK in 35ms (Views: 34.1ms | ActiveRecord: 0.2ms)


Started GET "/articles/1" for 127.0.0.1 at 2017-08-08 17:55:26 +0800
Processing by ArticlesController#show as HTML
  Parameters: {"id"=>"1"}
  [1m[36mArticle Load (0.3ms)[0m  [1m[34mSELECT  "articles".* FROM "articles" WHERE "articles"."id" = $1 LIMIT $2[0m  [["id", 1], ["LIMIT", 1]]
  Rendering articles/show.html.erb within layouts/application
  [1m[36mTag Load (0.4ms)[0m  [1m[34mSELECT "tags".* FROM "tags" INNER JOIN "taggings" ON "tags"."id" = "taggings"."tag_id" WHERE "taggings"."article_id" = $1[0m  [["article_id", 1]]
  [1m[35m (0.4ms)[0m  [1m[34mSELECT COUNT(*) FROM "comments" WHERE "comments"."article_id" = $1[0m  [["article_id", 1]]
  Rendered collection of articles/_comment.html.erb [0 times] (0.0ms)
  Rendered comments/_form.html.erb (2.0ms)
  Rendered articles/show.html.erb within layouts/application (9.2ms)
Completed 200 OK in 31ms (Views: 28.8ms | ActiveRecord: 1.0ms)


Started GET "/tags/1" for 127.0.0.1 at 2017-08-08 17:55:27 +0800
Processing by TagsController#show as HTML
  Parameters: {"id"=>"1"}
  [1m[36mTag Load (0.2ms)[0m  [1m[34mSELECT  "tags".* FROM "tags" WHERE "tags"."id" = $1 LIMIT $2[0m  [["id", 1], ["LIMIT", 1]]
  Rendering tags/show.html.erb within layouts/application
  [1m[36mArticle Load (0.3ms)[0m  [1m[34mSELECT "articles".* FROM "articles" INNER JOIN "taggings" ON "articles"."id" = "taggings"."article_id" WHERE "taggings"."tag_id" = $1[0m  [["tag_id", 1]]
  Rendered tags/show.html.erb within layouts/application (3.6ms)
Completed 200 OK in 34ms (Views: 31.3ms | ActiveRecord: 0.5ms)


Started GET "/articles/1" for 127.0.0.1 at 2017-08-08 17:56:36 +0800
Processing by ArticlesController#show as HTML
  Parameters: {"id"=>"1"}
  [1m[36mArticle Load (0.3ms)[0m  [1m[34mSELECT  "articles".* FROM "articles" WHERE "articles"."id" = $1 LIMIT $2[0m  [["id", 1], ["LIMIT", 1]]
  Rendering articles/show.html.erb within layouts/application
  [1m[36mTag Load (0.4ms)[0m  [1m[34mSELECT "tags".* FROM "tags" INNER JOIN "taggings" ON "tags"."id" = "taggings"."tag_id" WHERE "taggings"."article_id" = $1[0m  [["article_id", 1]]
  [1m[35m (0.3ms)[0m  [1m[34mSELECT COUNT(*) FROM "comments" WHERE "comments"."article_id" = $1[0m  [["article_id", 1]]
  Rendered collection of articles/_comment.html.erb [0 times] (0.0ms)
  Rendered comments/_form.html.erb (1.8ms)
  Rendered articles/show.html.erb within layouts/application (7.7ms)
Completed 200 OK in 35ms (Views: 31.9ms | ActiveRecord: 1.0ms)


Started GET "/articles/1/edit" for 127.0.0.1 at 2017-08-08 17:56:38 +0800
Processing by ArticlesController#edit as HTML
  Parameters: {"id"=>"1"}
  [1m[36mArticle Load (0.2ms)[0m  [1m[34mSELECT  "articles".* FROM "articles" WHERE "articles"."id" = $1 LIMIT $2[0m  [["id", 1], ["LIMIT", 1]]
  Rendering articles/edit.html.erb within layouts/application
  [1m[36mTag Load (0.4ms)[0m  [1m[34mSELECT "tags".* FROM "tags" INNER JOIN "taggings" ON "tags"."id" = "taggings"."tag_id" WHERE "taggings"."article_id" = $1[0m  [["article_id", 1]]
  Rendered articles/_form.html.erb (4.5ms)
  Rendered articles/edit.html.erb within layouts/application (5.3ms)
Completed 200 OK in 25ms (Views: 22.9ms | ActiveRecord: 0.6ms)


Started PATCH "/articles/1" for 127.0.0.1 at 2017-08-08 17:56:46 +0800
Processing by ArticlesController#update as HTML
  Parameters: {"utf8"=>"✓", "authenticity_token"=>"vsrzDW0xHzQyDZWKNks0RnQSdHrpt3rk0tDNSsCbA2XLI5hK/Ev+6gl9DGVubApXYE0XL+hRNg39PiVq4SbVIg==", "article"=>{"title"=>"first", "body"=>"hello", "tag_list"=>"second third"}, "commit"=>"Update Article", "id"=>"1"}
  [1m[36mArticle Load (0.2ms)[0m  [1m[34mSELECT  "articles".* FROM "articles" WHERE "articles"."id" = $1 LIMIT $2[0m  [["id", 1], ["LIMIT", 1]]
  [1m[35m (0.1ms)[0m  [1m[35mBEGIN[0m
  [1m[36mTag Load (0.3ms)[0m  [1m[34mSELECT  "tags".* FROM "tags" WHERE "tags"."name" = $1 LIMIT $2[0m  [["name", "second third"], ["LIMIT", 1]]
  [1m[35mSQL (0.2ms)[0m  [1m[32mINSERT INTO "tags" ("name", "created_at", "updated_at") VALUES ($1, $2, $3) RETURNING "id"[0m  [["name", "second third"], ["created_at", 2017-08-08 09:56:46 UTC], ["updated_at", 2017-08-08 09:56:46 UTC]]
  [1m[36mTag Load (0.2ms)[0m  [1m[34mSELECT "tags".* FROM "tags" INNER JOIN "taggings" ON "tags"."id" = "taggings"."tag_id" WHERE "taggings"."article_id" = $1[0m  [["article_id", 1]]
  [1m[35mSQL (0.2ms)[0m  [1m[31mDELETE FROM "taggings" WHERE "taggings"."article_id" = $1 AND "taggings"."tag_id" = 1[0m  [["article_id", 1]]
  [1m[35mSQL (0.2ms)[0m  [1m[32mINSERT INTO "taggings" ("tag_id", "article_id", "created_at", "updated_at") VALUES ($1, $2, $3, $4) RETURNING "id"[0m  [["tag_id", 2], ["article_id", 1], ["created_at", 2017-08-08 09:56:46 UTC], ["updated_at", 2017-08-08 09:56:46 UTC]]
  [1m[35m (35.1ms)[0m  [1m[35mCOMMIT[0m
Redirected to http://localhost:3000/articles/1
Completed 302 Found in 44ms (ActiveRecord: 36.3ms)


Started GET "/articles/1" for 127.0.0.1 at 2017-08-08 17:56:46 +0800
Processing by ArticlesController#show as HTML
  Parameters: {"id"=>"1"}
  [1m[36mArticle Load (0.2ms)[0m  [1m[34mSELECT  "articles".* FROM "articles" WHERE "articles"."id" = $1 LIMIT $2[0m  [["id", 1], ["LIMIT", 1]]
  Rendering articles/show.html.erb within layouts/application
  [1m[36mTag Load (0.3ms)[0m  [1m[34mSELECT "tags".* FROM "tags" INNER JOIN "taggings" ON "tags"."id" = "taggings"."tag_id" WHERE "taggings"."article_id" = $1[0m  [["article_id", 1]]
  [1m[35m (0.2ms)[0m  [1m[34mSELECT COUNT(*) FROM "comments" WHERE "comments"."article_id" = $1[0m  [["article_id", 1]]
  Rendered collection of articles/_comment.html.erb [0 times] (0.0ms)
  Rendered comments/_form.html.erb (1.2ms)
  Rendered articles/show.html.erb within layouts/application (6.1ms)
Completed 200 OK in 25ms (Views: 23.3ms | ActiveRecord: 0.7ms)


Started GET "/tags/2" for 127.0.0.1 at 2017-08-08 17:56:48 +0800
Processing by TagsController#show as HTML
  Parameters: {"id"=>"2"}
  [1m[36mTag Load (0.2ms)[0m  [1m[34mSELECT  "tags".* FROM "tags" WHERE "tags"."id" = $1 LIMIT $2[0m  [["id", 2], ["LIMIT", 1]]
  Rendering tags/show.html.erb within layouts/application
  [1m[36mArticle Load (0.3ms)[0m  [1m[34mSELECT "articles".* FROM "articles" INNER JOIN "taggings" ON "articles"."id" = "taggings"."article_id" WHERE "taggings"."tag_id" = $1[0m  [["tag_id", 2]]
  Rendered tags/show.html.erb within layouts/application (2.4ms)
Completed 200 OK in 24ms (Views: 21.6ms | ActiveRecord: 0.6ms)


Started GET "/articles/1" for 127.0.0.1 at 2017-08-08 17:56:49 +0800
Processing by ArticlesController#show as HTML
  Parameters: {"id"=>"1"}
  [1m[36mArticle Load (0.3ms)[0m  [1m[34mSELECT  "articles".* FROM "articles" WHERE "articles"."id" = $1 LIMIT $2[0m  [["id", 1], ["LIMIT", 1]]
  Rendering articles/show.html.erb within layouts/application
  [1m[36mTag Load (0.4ms)[0m  [1m[34mSELECT "tags".* FROM "tags" INNER JOIN "taggings" ON "tags"."id" = "taggings"."tag_id" WHERE "taggings"."article_id" = $1[0m  [["article_id", 1]]
  [1m[35m (0.3ms)[0m  [1m[34mSELECT COUNT(*) FROM "comments" WHERE "comments"."article_id" = $1[0m  [["article_id", 1]]
  Rendered collection of articles/_comment.html.erb [0 times] (0.0ms)
  Rendered comments/_form.html.erb (1.2ms)
  Rendered articles/show.html.erb within layouts/application (7.0ms)
Completed 200 OK in 28ms (Views: 26.1ms | ActiveRecord: 0.9ms)


Started GET "/tags/2" for 127.0.0.1 at 2017-08-08 17:56:50 +0800
Processing by TagsController#show as HTML
  Parameters: {"id"=>"2"}
  [1m[36mTag Load (0.2ms)[0m  [1m[34mSELECT  "tags".* FROM "tags" WHERE "tags"."id" = $1 LIMIT $2[0m  [["id", 2], ["LIMIT", 1]]
  Rendering tags/show.html.erb within layouts/application
  [1m[36mArticle Load (0.3ms)[0m  [1m[34mSELECT "articles".* FROM "articles" INNER JOIN "taggings" ON "articles"."id" = "taggings"."article_id" WHERE "taggings"."tag_id" = $1[0m  [["tag_id", 2]]
  Rendered tags/show.html.erb within layouts/application (2.2ms)
Completed 200 OK in 23ms (Views: 21.3ms | ActiveRecord: 0.5ms)


Started GET "/articles/1" for 127.0.0.1 at 2017-08-08 17:56:52 +0800
Processing by ArticlesController#show as HTML
  Parameters: {"id"=>"1"}
  [1m[36mArticle Load (0.2ms)[0m  [1m[34mSELECT  "articles".* FROM "articles" WHERE "articles"."id" = $1 LIMIT $2[0m  [["id", 1], ["LIMIT", 1]]
  Rendering articles/show.html.erb within layouts/application
  [1m[36mTag Load (0.5ms)[0m  [1m[34mSELECT "tags".* FROM "tags" INNER JOIN "taggings" ON "tags"."id" = "taggings"."tag_id" WHERE "taggings"."article_id" = $1[0m  [["article_id", 1]]
  [1m[35m (0.2ms)[0m  [1m[34mSELECT COUNT(*) FROM "comments" WHERE "comments"."article_id" = $1[0m  [["article_id", 1]]
  Rendered collection of articles/_comment.html.erb [0 times] (0.0ms)
  Rendered comments/_form.html.erb (1.1ms)
  Rendered articles/show.html.erb within layouts/application (7.0ms)
Completed 200 OK in 27ms (Views: 24.8ms | ActiveRecord: 0.9ms)


Started GET "/tags/2" for 127.0.0.1 at 2017-08-08 17:57:24 +0800
Processing by TagsController#show as HTML
  Parameters: {"id"=>"2"}
  [1m[36mTag Load (0.2ms)[0m  [1m[34mSELECT  "tags".* FROM "tags" WHERE "tags"."id" = $1 LIMIT $2[0m  [["id", 2], ["LIMIT", 1]]
  Rendering tags/show.html.erb within layouts/application
  [1m[36mArticle Load (0.4ms)[0m  [1m[34mSELECT "articles".* FROM "articles" INNER JOIN "taggings" ON "articles"."id" = "taggings"."article_id" WHERE "taggings"."tag_id" = $1[0m  [["tag_id", 2]]
  Rendered tags/show.html.erb within layouts/application (3.7ms)
Completed 200 OK in 25ms (Views: 22.5ms | ActiveRecord: 0.6ms)


Started GET "/articles/1" for 127.0.0.1 at 2017-08-08 17:57:33 +0800
Processing by ArticlesController#show as HTML
  Parameters: {"id"=>"1"}
  [1m[36mArticle Load (0.3ms)[0m  [1m[34mSELECT  "articles".* FROM "articles" WHERE "articles"."id" = $1 LIMIT $2[0m  [["id", 1], ["LIMIT", 1]]
  Rendering articles/show.html.erb within layouts/application
  [1m[36mTag Load (0.4ms)[0m  [1m[34mSELECT "tags".* FROM "tags" INNER JOIN "taggings" ON "tags"."id" = "taggings"."tag_id" WHERE "taggings"."article_id" = $1[0m  [["article_id", 1]]
  [1m[35m (0.3ms)[0m  [1m[34mSELECT COUNT(*) FROM "comments" WHERE "comments"."article_id" = $1[0m  [["article_id", 1]]
  Rendered collection of articles/_comment.html.erb [0 times] (0.0ms)
  Rendered comments/_form.html.erb (1.4ms)
  Rendered articles/show.html.erb within layouts/application (6.7ms)
Completed 200 OK in 32ms (Views: 30.2ms | ActiveRecord: 0.9ms)


Started GET "/tags" for 127.0.0.1 at 2017-08-08 17:57:37 +0800
Processing by TagsController#index as HTML
  Rendering tags/index.html.erb within layouts/application
  [1m[36mTag Load (0.2ms)[0m  [1m[34mSELECT "tags".* FROM "tags"[0m
  Rendered tags/index.html.erb within layouts/application (1.3ms)
Completed 200 OK in 16ms (Views: 14.7ms | ActiveRecord: 0.2ms)


Started GET "/tags/2" for 127.0.0.1 at 2017-08-08 17:57:45 +0800
Processing by TagsController#show as HTML
  Parameters: {"id"=>"2"}
  [1m[36mTag Load (0.2ms)[0m  [1m[34mSELECT  "tags".* FROM "tags" WHERE "tags"."id" = $1 LIMIT $2[0m  [["id", 2], ["LIMIT", 1]]
  Rendering tags/show.html.erb within layouts/application
  [1m[36mArticle Load (0.4ms)[0m  [1m[34mSELECT "articles".* FROM "articles" INNER JOIN "taggings" ON "articles"."id" = "taggings"."article_id" WHERE "taggings"."tag_id" = $1[0m  [["tag_id", 2]]
  Rendered tags/show.html.erb within layouts/application (2.2ms)
Completed 200 OK in 18ms (Views: 16.2ms | ActiveRecord: 0.6ms)


Started GET "/articles/1" for 127.0.0.1 at 2017-08-08 17:57:46 +0800
Processing by ArticlesController#show as HTML
  Parameters: {"id"=>"1"}
  [1m[36mArticle Load (0.2ms)[0m  [1m[34mSELECT  "articles".* FROM "articles" WHERE "articles"."id" = $1 LIMIT $2[0m  [["id", 1], ["LIMIT", 1]]
  Rendering articles/show.html.erb within layouts/application
  [1m[36mTag Load (0.3ms)[0m  [1m[34mSELECT "tags".* FROM "tags" INNER JOIN "taggings" ON "tags"."id" = "taggings"."tag_id" WHERE "taggings"."article_id" = $1[0m  [["article_id", 1]]
  [1m[35m (0.3ms)[0m  [1m[34mSELECT COUNT(*) FROM "comments" WHERE "comments"."article_id" = $1[0m  [["article_id", 1]]
  Rendered collection of articles/_comment.html.erb [0 times] (0.0ms)
  Rendered comments/_form.html.erb (0.9ms)
  Rendered articles/show.html.erb within layouts/application (6.2ms)
Completed 200 OK in 21ms (Views: 19.1ms | ActiveRecord: 0.8ms)


Started GET "/articles" for 127.0.0.1 at 2017-08-08 17:58:28 +0800
Processing by ArticlesController#index as HTML
  Rendering articles/index.html.erb within layouts/application
  [1m[36mArticle Load (0.2ms)[0m  [1m[34mSELECT "articles".* FROM "articles"[0m
  Rendered articles/index.html.erb within layouts/application (1.2ms)
Completed 200 OK in 100ms (Views: 98.6ms | ActiveRecord: 0.2ms)


Started GET "/articles/new" for 127.0.0.1 at 2017-08-08 17:58:29 +0800
Processing by ArticlesController#new as HTML
  Rendering articles/new.html.erb within layouts/application
  Rendered articles/_form.html.erb (2.9ms)
  Rendered articles/new.html.erb within layouts/application (3.6ms)
Completed 200 OK in 18ms (Views: 16.9ms | ActiveRecord: 0.0ms)


Started POST "/articles" for 127.0.0.1 at 2017-08-08 17:58:37 +0800
Processing by ArticlesController#create as HTML
  Parameters: {"utf8"=>"✓", "authenticity_token"=>"wzcVDprh5rQgxVgAdrz0W0WKgDrjYXiOEMMIC7B/evDYnlujc5zgP4Y2uctgrOvJhgWiHq7EDOL7CunO9AjFxg==", "article"=>{"title"=>"3", "body"=>"4", "tag_list"=>"first"}, "commit"=>"Create Article"}
  [1m[36mTag Load (0.2ms)[0m  [1m[34mSELECT  "tags".* FROM "tags" WHERE "tags"."name" = $1 LIMIT $2[0m  [["name", "first"], ["LIMIT", 1]]
  [1m[35m (0.1ms)[0m  [1m[35mBEGIN[0m
  [1m[35mSQL (0.2ms)[0m  [1m[32mINSERT INTO "articles" ("title", "body", "created_at", "updated_at") VALUES ($1, $2, $3, $4) RETURNING "id"[0m  [["title", "3"], ["body", "4"], ["created_at", 2017-08-08 09:58:37 UTC], ["updated_at", 2017-08-08 09:58:37 UTC]]
  [1m[35mSQL (0.3ms)[0m  [1m[32mINSERT INTO "taggings" ("tag_id", "article_id", "created_at", "updated_at") VALUES ($1, $2, $3, $4) RETURNING "id"[0m  [["tag_id", 1], ["article_id", 3], ["created_at", 2017-08-08 09:58:37 UTC], ["updated_at", 2017-08-08 09:58:37 UTC]]
  [1m[35m (51.2ms)[0m  [1m[35mCOMMIT[0m
Redirected to http://localhost:3000/articles/3
Completed 302 Found in 58ms (ActiveRecord: 52.1ms)


Started GET "/articles/3" for 127.0.0.1 at 2017-08-08 17:58:37 +0800
Processing by ArticlesController#show as HTML
  Parameters: {"id"=>"3"}
  [1m[36mArticle Load (0.3ms)[0m  [1m[34mSELECT  "articles".* FROM "articles" WHERE "articles"."id" = $1 LIMIT $2[0m  [["id", 3], ["LIMIT", 1]]
  Rendering articles/show.html.erb within layouts/application
  [1m[36mTag Load (0.7ms)[0m  [1m[34mSELECT "tags".* FROM "tags" INNER JOIN "taggings" ON "tags"."id" = "taggings"."tag_id" WHERE "taggings"."article_id" = $1[0m  [["article_id", 3]]
  [1m[35m (0.3ms)[0m  [1m[34mSELECT COUNT(*) FROM "comments" WHERE "comments"."article_id" = $1[0m  [["article_id", 3]]
  Rendered collection of articles/_comment.html.erb [0 times] (0.0ms)
  Rendered comments/_form.html.erb (1.2ms)
  Rendered articles/show.html.erb within layouts/application (7.9ms)
Completed 200 OK in 26ms (Views: 22.6ms | ActiveRecord: 1.3ms)


Started GET "/tags/1" for 127.0.0.1 at 2017-08-08 17:58:38 +0800
Processing by TagsController#show as HTML
  Parameters: {"id"=>"1"}
  [1m[36mTag Load (0.2ms)[0m  [1m[34mSELECT  "tags".* FROM "tags" WHERE "tags"."id" = $1 LIMIT $2[0m  [["id", 1], ["LIMIT", 1]]
  Rendering tags/show.html.erb within layouts/application
  [1m[36mArticle Load (0.4ms)[0m  [1m[34mSELECT "articles".* FROM "articles" INNER JOIN "taggings" ON "articles"."id" = "taggings"."article_id" WHERE "taggings"."tag_id" = $1[0m  [["tag_id", 1]]
  Rendered tags/show.html.erb within layouts/application (2.1ms)
Completed 200 OK in 17ms (Views: 15.5ms | ActiveRecord: 0.6ms)


